<?xml version="1.0" encoding="UTF-8"?>
<!-- Generated by org.testng.reporters.JUnitXMLReporter -->
<testsuite hostname="ThanhTriTRAN" ignored="0" name="testmodule3" tests="16" failures="0" timestamp="12 May 2017 07:21:09 GMT" time="6.226" errors="0">
  <testcase name="@BeforeClass f" time="6.039" classname="testcases.Test.Module2">
    <failure type="org.openqa.selenium.SessionNotCreatedException" message="Unable to create new remote session. desired capabilities = Capabilities [{moz:firefoxOptions={binary=Optional.empty, args=[], legacy=null, logLevel=null, prefs={}, profile=null}}], required capabilities = Capabilities [{moz:firefoxOptions={binary=Optional.empty, args=[], legacy=null, logLevel=null, prefs={}, profile=null}}]
Build info: version: &amp;apos;unknown&amp;apos;, revision: &amp;apos;5234b32&amp;apos;, time: &amp;apos;2017-03-10 09:00:17 -0800&amp;apos;
System info: host: &amp;apos;THANHTRITRAN&amp;apos;, ip: &amp;apos;192.168.2.65&amp;apos;, os.name: &amp;apos;Windows 10&amp;apos;, os.arch: &amp;apos;amd64&amp;apos;, os.version: &amp;apos;10.0&amp;apos;, java.version: &amp;apos;1.8.0_121&amp;apos;
Driver info: driver.version: FirefoxDriver">
      <![CDATA[org.openqa.selenium.SessionNotCreatedException: Unable to create new remote session. desired capabilities = Capabilities [{moz:firefoxOptions={binary=Optional.empty, args=[], legacy=null, logLevel=null, prefs={}, profile=null}}], required capabilities = Capabilities [{moz:firefoxOptions={binary=Optional.empty, args=[], legacy=null, logLevel=null, prefs={}, profile=null}}]
Build info: version: 'unknown', revision: '5234b32', time: '2017-03-10 09:00:17 -0800'
System info: host: 'THANHTRITRAN', ip: '192.168.2.65', os.name: 'Windows 10', os.arch: 'amd64', os.version: '10.0', java.version: '1.8.0_121'
Driver info: driver.version: FirefoxDriver
	at org.openqa.selenium.remote.ProtocolHandshake.createSession(ProtocolHandshake.java:126)
	at org.openqa.selenium.remote.HttpCommandExecutor.execute(HttpCommandExecutor.java:141)
	at org.openqa.selenium.remote.service.DriverCommandExecutor.execute(DriverCommandExecutor.java:82)
	at org.openqa.selenium.remote.RemoteWebDriver.execute(RemoteWebDriver.java:604)
	at org.openqa.selenium.remote.RemoteWebDriver.startSession(RemoteWebDriver.java:244)
	at org.openqa.selenium.remote.RemoteWebDriver.<init>(RemoteWebDriver.java:131)
	at org.openqa.selenium.firefox.FirefoxDriver.<init>(FirefoxDriver.java:218)
	at org.openqa.selenium.firefox.FirefoxDriver.<init>(FirefoxDriver.java:125)
	at org.openqa.selenium.firefox.FirefoxDriver.<init>(FirefoxDriver.java:121)
	at actions.common.BrowserManage.openBrowser(BrowserManage.java:25)
	at testcases.Test.Module2.f(Module2.java:22)
... Removed 25 stack frames]]>
    </failure>
  </testcase> <!-- @BeforeClass f -->
  <testcase name="@AfterClass tearDown" time="0.001" classname="testcases.Test.Module2">
    <failure type="java.lang.NullPointerException">
      <![CDATA[java.lang.NullPointerException
	at actions.common.BrowserManage.closeBrowser(BrowserManage.java:37)
	at testcases.Test.Module2.tearDown(Module2.java:237)
... Removed 25 stack frames]]>
    </failure>
  </testcase> <!-- @AfterClass tearDown -->
  <testcase name="TC015" time="0.0" classname="testcases.Test.Module2">
    <skipped/>
  </testcase> <!-- TC015 -->
  <testcase name="TC016" time="0.0" classname="testcases.Test.Module2">
    <skipped/>
  </testcase> <!-- TC016 -->
  <testcase name="TC017" time="0.0" classname="testcases.Test.Module2">
    <skipped/>
  </testcase> <!-- TC017 -->
  <testcase name="TC018" time="0.0" classname="testcases.Test.Module2">
    <skipped/>
  </testcase> <!-- TC018 -->
  <testcase name="TC019" time="0.0" classname="testcases.Test.Module2">
    <skipped/>
  </testcase> <!-- TC019 -->
  <testcase name="TC020" time="0.0" classname="testcases.Test.Module2">
    <skipped/>
  </testcase> <!-- TC020 -->
  <testcase name="TC021" time="0.0" classname="testcases.Test.Module2">
    <skipped/>
  </testcase> <!-- TC021 -->
  <testcase name="TC022" time="0.0" classname="testcases.Test.Module2">
    <skipped/>
  </testcase> <!-- TC022 -->
  <testcase name="TC023" time="0.0" classname="testcases.Test.Module2">
    <skipped/>
  </testcase> <!-- TC023 -->
  <testcase name="TC024" time="0.0" classname="testcases.Test.Module2">
    <skipped/>
  </testcase> <!-- TC024 -->
  <testcase name="TC025" time="0.0" classname="testcases.Test.Module2">
    <skipped/>
  </testcase> <!-- TC025 -->
  <testcase name="TC026" time="0.0" classname="testcases.Test.Module2">
    <skipped/>
  </testcase> <!-- TC026 -->
  <testcase name="TC027" time="0.0" classname="testcases.Test.Module2">
    <skipped/>
  </testcase> <!-- TC027 -->
  <testcase name="TC028" time="0.0" classname="testcases.Test.Module2">
    <skipped/>
  </testcase> <!-- TC028 -->
  <testcase name="TC029" time="0.0" classname="testcases.Test.Module2">
    <skipped/>
  </testcase> <!-- TC029 -->
  <testcase name="TC030" time="0.0" classname="testcases.Test.Module2">
    <skipped/>
  </testcase> <!-- TC030 -->
</testsuite> <!-- testmodule3 -->
