<?xml version="1.0" encoding="UTF-8"?>
<!-- Generated by org.testng.reporters.JUnitXMLReporter -->
<testsuite hostname="ThanhTriTRAN" ignored="0" name="Default test" tests="16" failures="0" timestamp="12 May 2017 07:48:00 GMT" time="0.303" errors="0">
  <testcase name="@BeforeClass f" time="0.0" classname="testcases.Test.Module2">
    <failure type="org.testng.TestNGException" message="
Parameter &amp;apos;browser&amp;apos; is required by BeforeClass on method f but has not been marked @Optional or defined
in C:\Users\TungN\AppData\Local\Temp\testng-eclipse--1016561882\testng-customsuite.xml">
      <![CDATA[org.testng.TestNGException: 
Parameter 'browser' is required by BeforeClass on method f but has not been marked @Optional or defined
in C:\Users\TungN\AppData\Local\Temp\testng-eclipse--1016561882\testng-customsuite.xml
	at org.testng.internal.Parameters.createParameters(Parameters.java:199)
	at org.testng.internal.Parameters.createParameters(Parameters.java:443)
	at org.testng.internal.Parameters.createConfigurationParameters(Parameters.java:118)
	at org.testng.internal.Invoker.invokeConfigurations(Invoker.java:206)
	at org.testng.internal.Invoker.invokeConfigurations(Invoker.java:146)
	at org.testng.internal.TestMethodWorker.invokeBeforeClassMethods(TestMethodWorker.java:166)
	at org.testng.internal.TestMethodWorker.run(TestMethodWorker.java:105)
	at org.testng.TestRunner.privateRun(TestRunner.java:744)
	at org.testng.TestRunner.run(TestRunner.java:602)
	at org.testng.SuiteRunner.runTest(SuiteRunner.java:380)
	at org.testng.SuiteRunner.runSequentially(SuiteRunner.java:375)
	at org.testng.SuiteRunner.privateRun(SuiteRunner.java:340)
	at org.testng.SuiteRunner.run(SuiteRunner.java:289)
	at org.testng.SuiteRunnerWorker.runSuite(SuiteRunnerWorker.java:52)
	at org.testng.SuiteRunnerWorker.run(SuiteRunnerWorker.java:86)
	at org.testng.TestNG.runSuitesSequentially(TestNG.java:1301)
	at org.testng.TestNG.runSuitesLocally(TestNG.java:1226)
	at org.testng.TestNG.runSuites(TestNG.java:1144)
	at org.testng.TestNG.run(TestNG.java:1115)
	at org.testng.remote.AbstractRemoteTestNG.run(AbstractRemoteTestNG.java:132)
	at org.testng.remote.RemoteTestNG.initAndRun(RemoteTestNG.java:230)
	at org.testng.remote.RemoteTestNG.main(RemoteTestNG.java:76)
]]>
    </failure>
  </testcase> <!-- @BeforeClass f -->
  <testcase name="@AfterClass tearDown" time="0.008" classname="testcases.Test.Module2">
    <failure type="java.lang.NullPointerException">
      <![CDATA[java.lang.NullPointerException
	at actions.common.BrowserManage.closeBrowser(BrowserManage.java:37)
	at testcases.Test.Module2.tearDown(Module2.java:237)
	at sun.reflect.NativeMethodAccessorImpl.invoke0(Native Method)
	at sun.reflect.NativeMethodAccessorImpl.invoke(Unknown Source)
	at sun.reflect.DelegatingMethodAccessorImpl.invoke(Unknown Source)
	at java.lang.reflect.Method.invoke(Unknown Source)
	at org.testng.internal.MethodInvocationHelper.invokeMethod(MethodInvocationHelper.java:108)
	at org.testng.internal.Invoker.invokeConfigurationMethod(Invoker.java:523)
	at org.testng.internal.Invoker.invokeConfigurations(Invoker.java:224)
	at org.testng.internal.Invoker.invokeConfigurations(Invoker.java:146)
	at org.testng.internal.TestMethodWorker.invokeAfterClassMethods(TestMethodWorker.java:212)
	at org.testng.internal.TestMethodWorker.run(TestMethodWorker.java:112)
	at org.testng.TestRunner.privateRun(TestRunner.java:744)
	at org.testng.TestRunner.run(TestRunner.java:602)
	at org.testng.SuiteRunner.runTest(SuiteRunner.java:380)
	at org.testng.SuiteRunner.runSequentially(SuiteRunner.java:375)
	at org.testng.SuiteRunner.privateRun(SuiteRunner.java:340)
	at org.testng.SuiteRunner.run(SuiteRunner.java:289)
	at org.testng.SuiteRunnerWorker.runSuite(SuiteRunnerWorker.java:52)
	at org.testng.SuiteRunnerWorker.run(SuiteRunnerWorker.java:86)
	at org.testng.TestNG.runSuitesSequentially(TestNG.java:1301)
	at org.testng.TestNG.runSuitesLocally(TestNG.java:1226)
	at org.testng.TestNG.runSuites(TestNG.java:1144)
	at org.testng.TestNG.run(TestNG.java:1115)
	at org.testng.remote.AbstractRemoteTestNG.run(AbstractRemoteTestNG.java:132)
	at org.testng.remote.RemoteTestNG.initAndRun(RemoteTestNG.java:230)
	at org.testng.remote.RemoteTestNG.main(RemoteTestNG.java:76)
]]>
    </failure>
  </testcase> <!-- @AfterClass tearDown -->
  <testcase name="TC015" time="0.0" classname="testcases.Test.Module2">
    <skipped/>
  </testcase> <!-- TC015 -->
  <testcase name="TC016" time="0.0" classname="testcases.Test.Module2">
    <skipped/>
  </testcase> <!-- TC016 -->
  <testcase name="TC017" time="0.0" classname="testcases.Test.Module2">
    <skipped/>
  </testcase> <!-- TC017 -->
  <testcase name="TC018" time="0.0" classname="testcases.Test.Module2">
    <skipped/>
  </testcase> <!-- TC018 -->
  <testcase name="TC019" time="0.0" classname="testcases.Test.Module2">
    <skipped/>
  </testcase> <!-- TC019 -->
  <testcase name="TC020" time="0.0" classname="testcases.Test.Module2">
    <skipped/>
  </testcase> <!-- TC020 -->
  <testcase name="TC021" time="0.0" classname="testcases.Test.Module2">
    <skipped/>
  </testcase> <!-- TC021 -->
  <testcase name="TC022" time="0.0" classname="testcases.Test.Module2">
    <skipped/>
  </testcase> <!-- TC022 -->
  <testcase name="TC023" time="0.0" classname="testcases.Test.Module2">
    <skipped/>
  </testcase> <!-- TC023 -->
  <testcase name="TC024" time="0.0" classname="testcases.Test.Module2">
    <skipped/>
  </testcase> <!-- TC024 -->
  <testcase name="TC025" time="0.0" classname="testcases.Test.Module2">
    <skipped/>
  </testcase> <!-- TC025 -->
  <testcase name="TC026" time="0.0" classname="testcases.Test.Module2">
    <skipped/>
  </testcase> <!-- TC026 -->
  <testcase name="TC027" time="0.0" classname="testcases.Test.Module2">
    <skipped/>
  </testcase> <!-- TC027 -->
  <testcase name="TC028" time="0.0" classname="testcases.Test.Module2">
    <skipped/>
  </testcase> <!-- TC028 -->
  <testcase name="TC029" time="0.0" classname="testcases.Test.Module2">
    <skipped/>
  </testcase> <!-- TC029 -->
  <testcase name="TC030" time="0.0" classname="testcases.Test.Module2">
    <skipped/>
  </testcase> <!-- TC030 -->
</testsuite> <!-- Default test -->
