<?xml version="1.0" encoding="UTF-8"?>
<!-- Generated by org.testng.reporters.JUnitReportReporter -->
<testsuite skipped="14" hostname="ThanhTriTRAN" name="testcases.Test.TC1" tests="16" failures="0" timestamp="12 May 2017 06:17:02 GMT" time="0.011" errors="2">
  <testcase name="TC003" time="0.003" classname="testcases.Test.TC1">
    <skipped/>
  </testcase> <!-- TC003 -->
  <testcase name="TC002" time="0.000" classname="testcases.Test.TC1">
    <skipped/>
  </testcase> <!-- TC002 -->
  <testcase name="TC007" time="0.000" classname="testcases.Test.TC1">
    <skipped/>
  </testcase> <!-- TC007 -->
  <testcase name="TC013" time="0.000" classname="testcases.Test.TC1">
    <skipped/>
  </testcase> <!-- TC013 -->
  <testcase name="TC001" time="0.001" classname="testcases.Test.TC1">
    <skipped/>
  </testcase> <!-- TC001 -->
  <testcase name="TC011" time="0.000" classname="testcases.Test.TC1">
    <skipped/>
  </testcase> <!-- TC011 -->
  <testcase name="TC008" time="0.000" classname="testcases.Test.TC1">
    <skipped/>
  </testcase> <!-- TC008 -->
  <testcase name="tearDown" time="0.007" classname="testcases.Test.TC1">
    <error type="java.lang.NullPointerException">
      <![CDATA[java.lang.NullPointerException
	at actions.common.BrowserManage.closeBrowser(BrowserManage.java:37)
	at testcases.Test.TC1.tearDown(TC1.java:208)
	at sun.reflect.NativeMethodAccessorImpl.invoke0(Native Method)
	at sun.reflect.NativeMethodAccessorImpl.invoke(Unknown Source)
	at sun.reflect.DelegatingMethodAccessorImpl.invoke(Unknown Source)
	at java.lang.reflect.Method.invoke(Unknown Source)
	at org.testng.internal.MethodInvocationHelper.invokeMethod(MethodInvocationHelper.java:108)
	at org.testng.internal.Invoker.invokeConfigurationMethod(Invoker.java:523)
	at org.testng.internal.Invoker.invokeConfigurations(Invoker.java:224)
	at org.testng.internal.Invoker.invokeConfigurations(Invoker.java:146)
	at org.testng.internal.TestMethodWorker.invokeAfterClassMethods(TestMethodWorker.java:212)
	at org.testng.internal.TestMethodWorker.run(TestMethodWorker.java:112)
	at org.testng.TestRunner.privateRun(TestRunner.java:744)
	at org.testng.TestRunner.run(TestRunner.java:602)
	at org.testng.SuiteRunner.runTest(SuiteRunner.java:380)
	at org.testng.SuiteRunner.runSequentially(SuiteRunner.java:375)
	at org.testng.SuiteRunner.privateRun(SuiteRunner.java:340)
	at org.testng.SuiteRunner.run(SuiteRunner.java:289)
	at org.testng.SuiteRunnerWorker.runSuite(SuiteRunnerWorker.java:52)
	at org.testng.SuiteRunnerWorker.run(SuiteRunnerWorker.java:86)
	at org.testng.TestNG.runSuitesSequentially(TestNG.java:1301)
	at org.testng.TestNG.runSuitesLocally(TestNG.java:1226)
	at org.testng.TestNG.runSuites(TestNG.java:1144)
	at org.testng.TestNG.run(TestNG.java:1115)
	at org.testng.remote.AbstractRemoteTestNG.run(AbstractRemoteTestNG.java:132)
	at org.testng.remote.RemoteTestNG.initAndRun(RemoteTestNG.java:230)
	at org.testng.remote.RemoteTestNG.main(RemoteTestNG.java:76)
]]>
    </error>
  </testcase> <!-- tearDown -->
  <testcase name="TC005" time="0.000" classname="testcases.Test.TC1">
    <skipped/>
  </testcase> <!-- TC005 -->
  <testcase name="f" time="0.000" classname="testcases.Test.TC1">
    <error type="org.testng.TestNGException" message="
Parameter &#039;browser&#039; is required by BeforeClass on method f but has not been marked @Optional or defined
in C:\Users\TungN\AppData\Local\Temp\testng-eclipse-255450872\testng-customsuite.xml">
      <![CDATA[org.testng.TestNGException: 
Parameter 'browser' is required by BeforeClass on method f but has not been marked @Optional or defined
in C:\Users\TungN\AppData\Local\Temp\testng-eclipse-255450872\testng-customsuite.xml
	at org.testng.internal.Parameters.createParameters(Parameters.java:199)
	at org.testng.internal.Parameters.createParameters(Parameters.java:443)
	at org.testng.internal.Parameters.createConfigurationParameters(Parameters.java:118)
	at org.testng.internal.Invoker.invokeConfigurations(Invoker.java:206)
	at org.testng.internal.Invoker.invokeConfigurations(Invoker.java:146)
	at org.testng.internal.TestMethodWorker.invokeBeforeClassMethods(TestMethodWorker.java:166)
	at org.testng.internal.TestMethodWorker.run(TestMethodWorker.java:105)
	at org.testng.TestRunner.privateRun(TestRunner.java:744)
	at org.testng.TestRunner.run(TestRunner.java:602)
	at org.testng.SuiteRunner.runTest(SuiteRunner.java:380)
	at org.testng.SuiteRunner.runSequentially(SuiteRunner.java:375)
	at org.testng.SuiteRunner.privateRun(SuiteRunner.java:340)
	at org.testng.SuiteRunner.run(SuiteRunner.java:289)
	at org.testng.SuiteRunnerWorker.runSuite(SuiteRunnerWorker.java:52)
	at org.testng.SuiteRunnerWorker.run(SuiteRunnerWorker.java:86)
	at org.testng.TestNG.runSuitesSequentially(TestNG.java:1301)
	at org.testng.TestNG.runSuitesLocally(TestNG.java:1226)
	at org.testng.TestNG.runSuites(TestNG.java:1144)
	at org.testng.TestNG.run(TestNG.java:1115)
	at org.testng.remote.AbstractRemoteTestNG.run(AbstractRemoteTestNG.java:132)
	at org.testng.remote.RemoteTestNG.initAndRun(RemoteTestNG.java:230)
	at org.testng.remote.RemoteTestNG.main(RemoteTestNG.java:76)
]]>
    </error>
  </testcase> <!-- f -->
  <testcase name="TC004" time="0.000" classname="testcases.Test.TC1">
    <skipped/>
  </testcase> <!-- TC004 -->
  <testcase name="TC006" time="0.000" classname="testcases.Test.TC1">
    <skipped/>
  </testcase> <!-- TC006 -->
  <testcase name="TC014" time="0.000" classname="testcases.Test.TC1">
    <skipped/>
  </testcase> <!-- TC014 -->
  <testcase name="TC010" time="0.000" classname="testcases.Test.TC1">
    <skipped/>
  </testcase> <!-- TC010 -->
  <testcase name="TC009" time="0.000" classname="testcases.Test.TC1">
    <skipped/>
  </testcase> <!-- TC009 -->
  <testcase name="TC012" time="0.000" classname="testcases.Test.TC1">
    <skipped/>
  </testcase> <!-- TC012 -->
</testsuite> <!-- testcases.Test.TC1 -->
